2022-07-01 11:59:54.926 <> [INF] Now listening on: https://localhost:7095
2022-07-01 11:59:54.943 <> [INF] Now listening on: http://localhost:5095
2022-07-01 11:59:54.945 <> [INF] Application started. Press Ctrl+C to shut down.
2022-07-01 11:59:54.949 <> [INF] Hosting environment: Development
2022-07-01 11:59:54.952 <> [INF] Content root path: D:\StudySpace\logger\src\DemoLogger.API\
2022-07-01 11:59:55.446 <> [INF] Request starting HTTP/2 GET https://localhost:7095/swagger - -
2022-07-01 11:59:55.644 <> [INF] Request finished HTTP/2 GET https://localhost:7095/swagger - - - 301 0 - 198.6800ms
2022-07-01 11:59:55.656 <> [INF] Request starting HTTP/2 GET https://localhost:7095/swagger/index.html - -
2022-07-01 11:59:55.693 <> [INF] Request finished HTTP/2 GET https://localhost:7095/swagger/index.html - - - 200 - text/html;charset=utf-8 36.4348ms
2022-07-01 11:59:55.711 <> [INF] Request starting HTTP/2 GET https://localhost:7095/swagger/swagger-ui.css - -
2022-07-01 11:59:55.711 <> [INF] Request starting HTTP/2 GET https://localhost:7095/swagger/swagger-ui-bundle.js - -
2022-07-01 11:59:55.711 <> [INF] Request starting HTTP/2 GET https://localhost:7095/swagger/swagger-ui-standalone-preset.js - -
2022-07-01 11:59:55.753 <> [INF] Sending file. Request path: '/swagger-ui.css'. Physical path: 'N/A'
2022-07-01 11:59:55.753 <> [INF] Sending file. Request path: '/swagger-ui-standalone-preset.js'. Physical path: 'N/A'
2022-07-01 11:59:55.763 <> [INF] Sending file. Request path: '/swagger-ui-bundle.js'. Physical path: 'N/A'
2022-07-01 11:59:55.764 <> [INF] Request finished HTTP/2 GET https://localhost:7095/swagger/swagger-ui.css - - - 200 143632 text/css 52.6871ms
2022-07-01 11:59:55.764 <> [INF] Request finished HTTP/2 GET https://localhost:7095/swagger/swagger-ui-standalone-preset.js - - - 200 337162 application/javascript 52.3617ms
2022-07-01 11:59:55.766 <> [INF] Request finished HTTP/2 GET https://localhost:7095/swagger/swagger-ui-bundle.js - - - 200 1092889 application/javascript 54.9883ms
2022-07-01 11:59:55.914 <> [INF] Request starting HTTP/2 GET https://localhost:7095/swagger/v1/swagger.json - -
2022-07-01 11:59:55.929 <> [INF] Request starting HTTP/2 GET https://localhost:7095/swagger/favicon-32x32.png - -
2022-07-01 11:59:55.932 <> [INF] Sending file. Request path: '/favicon-32x32.png'. Physical path: 'N/A'
2022-07-01 11:59:55.934 <> [INF] Request finished HTTP/2 GET https://localhost:7095/swagger/favicon-32x32.png - - - 200 628 image/png 5.1292ms
2022-07-01 11:59:55.982 <> [INF] Request finished HTTP/2 GET https://localhost:7095/swagger/v1/swagger.json - - - 200 - application/json;charset=utf-8 68.6798ms
2022-07-01 12:00:11.564 <> [INF] Request starting HTTP/2 GET https://localhost:7095/WeatherForecast - -
2022-07-01 12:00:11.574 <> [INF] Executing endpoint 'DemoLogger.API.Controllers.WeatherForecastController.Get (DemoLogger.API)'
2022-07-01 12:00:11.580 <> [INF] Route matched with {action = "Get", controller = "WeatherForecast"}. Executing controller action with signature System.Collections.Generic.IEnumerable`1[DemoLogger.API.WeatherForecast] Get() on controller DemoLogger.API.Controllers.WeatherForecastController (DemoLogger.API).
2022-07-01 12:00:11.601 <> [INF] Executing ObjectResult, writing value of type 'DemoLogger.API.WeatherForecast[]'.
2022-07-01 12:00:11.608 <> [INF] Executed action DemoLogger.API.Controllers.WeatherForecastController.Get (DemoLogger.API) in 17.6654ms
2022-07-01 12:00:11.612 <> [INF] Executed endpoint 'DemoLogger.API.Controllers.WeatherForecastController.Get (DemoLogger.API)'
2022-07-01 12:00:11.612 <> [INF] Request finished HTTP/2 GET https://localhost:7095/WeatherForecast - - - 200 - application/json;+charset=utf-8 48.9772ms
2022-07-01 12:01:29.818 <> [INF] Now listening on: https://localhost:7095
2022-07-01 12:01:29.834 <> [INF] Now listening on: http://localhost:5095
2022-07-01 12:01:29.836 <> [INF] Application started. Press Ctrl+C to shut down.
2022-07-01 12:01:29.837 <> [INF] Hosting environment: Development
2022-07-01 12:01:29.838 <> [INF] Content root path: D:\StudySpace\logger\src\DemoLogger.API\
2022-07-01 12:01:30.161 <> [INF] Request starting HTTP/2 GET https://localhost:7095/swagger/index.html - -
2022-07-01 12:01:30.371 <> [INF] Request finished HTTP/2 GET https://localhost:7095/swagger/index.html - - - 200 - text/html;charset=utf-8 211.3521ms
2022-07-01 12:01:30.571 <> [INF] Request starting HTTP/2 GET https://localhost:7095/swagger/v1/swagger.json - -
2022-07-01 12:01:30.637 <> [INF] Request finished HTTP/2 GET https://localhost:7095/swagger/v1/swagger.json - - - 200 - application/json;charset=utf-8 65.9808ms
2022-07-01 12:01:33.462 <> [INF] Request starting HTTP/2 GET https://localhost:7095/WeatherForecast - -
2022-07-01 12:01:33.473 <> [INF] Executing endpoint 'DemoLogger.API.Controllers.WeatherForecastController.Get (DemoLogger.API)'
2022-07-01 12:01:33.480 <> [INF] Route matched with {action = "Get", controller = "WeatherForecast"}. Executing controller action with signature System.Collections.Generic.IEnumerable`1[DemoLogger.API.WeatherForecast] Get() on controller DemoLogger.API.Controllers.WeatherForecastController (DemoLogger.API).
2022-07-01 12:01:36.656 <> [INF] Executed action DemoLogger.API.Controllers.WeatherForecastController.Get (DemoLogger.API) in 3163.519ms
2022-07-01 12:01:36.661 <> [INF] Executed endpoint 'DemoLogger.API.Controllers.WeatherForecastController.Get (DemoLogger.API)'
2022-07-01 12:01:36.663 <> [ERR] An unhandled exception has occurred while executing the request.
System.ApplicationException: 出错了！
   at DemoLogger.API.Controllers.WeatherForecastController.Get() in D:\StudySpace\logger\src\DemoLogger.API\Controllers\WeatherForecastController.cs:line 24
   at lambda_method2(Closure , Object , Object[] )
   at Microsoft.AspNetCore.Mvc.Infrastructure.ActionMethodExecutor.SyncObjectResultExecutor.Execute(IActionResultTypeMapper mapper, ObjectMethodExecutor executor, Object controller, Object[] arguments)
   at Microsoft.AspNetCore.Mvc.Infrastructure.ControllerActionInvoker.InvokeActionMethodAsync()
   at Microsoft.AspNetCore.Mvc.Infrastructure.ControllerActionInvoker.Next(State& next, Scope& scope, Object& state, Boolean& isCompleted)
   at Microsoft.AspNetCore.Mvc.Infrastructure.ControllerActionInvoker.InvokeNextActionFilterAsync()
--- End of stack trace from previous location ---
   at Microsoft.AspNetCore.Mvc.Infrastructure.ControllerActionInvoker.Rethrow(ActionExecutedContextSealed context)
   at Microsoft.AspNetCore.Mvc.Infrastructure.ControllerActionInvoker.Next(State& next, Scope& scope, Object& state, Boolean& isCompleted)
   at Microsoft.AspNetCore.Mvc.Infrastructure.ControllerActionInvoker.InvokeInnerFilterAsync()
--- End of stack trace from previous location ---
   at Microsoft.AspNetCore.Mvc.Infrastructure.ResourceInvoker.<InvokeFilterPipelineAsync>g__Awaited|20_0(ResourceInvoker invoker, Task lastTask, State next, Scope scope, Object state, Boolean isCompleted)
   at Microsoft.AspNetCore.Mvc.Infrastructure.ResourceInvoker.<InvokeAsync>g__Logged|17_1(ResourceInvoker invoker)
   at Microsoft.AspNetCore.Mvc.Infrastructure.ResourceInvoker.<InvokeAsync>g__Logged|17_1(ResourceInvoker invoker)
   at Microsoft.AspNetCore.Routing.EndpointMiddleware.<Invoke>g__AwaitRequestTask|6_0(Endpoint endpoint, Task requestTask, ILogger logger)
   at Microsoft.AspNetCore.Authorization.AuthorizationMiddleware.Invoke(HttpContext context)
   at Swashbuckle.AspNetCore.SwaggerUI.SwaggerUIMiddleware.Invoke(HttpContext httpContext)
   at Swashbuckle.AspNetCore.Swagger.SwaggerMiddleware.Invoke(HttpContext httpContext, ISwaggerProvider swaggerProvider)
   at Microsoft.AspNetCore.Diagnostics.DeveloperExceptionPageMiddleware.Invoke(HttpContext context)
2022-07-01 12:01:36.677 <> [INF] Request finished HTTP/2 GET https://localhost:7095/WeatherForecast - - - 500 - text/plain;+charset=utf-8 3214.6939ms
2022-07-01 12:02:37.463 <> [INF] Now listening on: https://localhost:7095
2022-07-01 12:02:37.477 <> [INF] Now listening on: http://localhost:5095
2022-07-01 12:02:37.479 <> [INF] Application started. Press Ctrl+C to shut down.
2022-07-01 12:02:37.480 <> [INF] Hosting environment: Development
2022-07-01 12:02:37.480 <> [INF] Content root path: D:\StudySpace\logger\src\DemoLogger.API\
2022-07-01 12:02:37.714 <> [INF] Request starting HTTP/2 GET https://localhost:7095/swagger/index.html - -
2022-07-01 12:02:37.926 <> [INF] Request finished HTTP/2 GET https://localhost:7095/swagger/index.html - - - 200 - text/html;charset=utf-8 213.4004ms
2022-07-01 12:02:38.073 <> [INF] Request starting HTTP/2 GET https://localhost:7095/swagger/v1/swagger.json - -
2022-07-01 12:02:38.145 <> [INF] Request finished HTTP/2 GET https://localhost:7095/swagger/v1/swagger.json - - - 200 - application/json;charset=utf-8 72.5872ms
2022-07-01 12:02:44.462 <> [INF] Request starting HTTP/2 GET https://localhost:7095/WeatherForecast - -
2022-07-01 12:02:44.475 <> [INF] Executing endpoint 'DemoLogger.API.Controllers.WeatherForecastController.Get (DemoLogger.API)'
2022-07-01 12:02:44.481 <> [INF] Route matched with {action = "Get", controller = "WeatherForecast"}. Executing controller action with signature System.Collections.Generic.IEnumerable`1[DemoLogger.API.WeatherForecast] Get() on controller DemoLogger.API.Controllers.WeatherForecastController (DemoLogger.API).
2022-07-01 12:02:47.535 <> [INF] Executed action DemoLogger.API.Controllers.WeatherForecastController.Get (DemoLogger.API) in 3044.7252ms
2022-07-01 12:02:47.537 <> [INF] Executed endpoint 'DemoLogger.API.Controllers.WeatherForecastController.Get (DemoLogger.API)'
2022-07-01 12:02:47.538 <> [ERR] An unhandled exception has occurred while executing the request.
System.ApplicationException: 出错了！
   at DemoLogger.API.Controllers.WeatherForecastController.Get() in D:\StudySpace\logger\src\DemoLogger.API\Controllers\WeatherForecastController.cs:line 24
   at lambda_method2(Closure , Object , Object[] )
   at Microsoft.AspNetCore.Mvc.Infrastructure.ActionMethodExecutor.SyncObjectResultExecutor.Execute(IActionResultTypeMapper mapper, ObjectMethodExecutor executor, Object controller, Object[] arguments)
   at Microsoft.AspNetCore.Mvc.Infrastructure.ControllerActionInvoker.InvokeActionMethodAsync()
   at Microsoft.AspNetCore.Mvc.Infrastructure.ControllerActionInvoker.Next(State& next, Scope& scope, Object& state, Boolean& isCompleted)
   at Microsoft.AspNetCore.Mvc.Infrastructure.ControllerActionInvoker.InvokeNextActionFilterAsync()
--- End of stack trace from previous location ---
   at Microsoft.AspNetCore.Mvc.Infrastructure.ControllerActionInvoker.Rethrow(ActionExecutedContextSealed context)
   at Microsoft.AspNetCore.Mvc.Infrastructure.ControllerActionInvoker.Next(State& next, Scope& scope, Object& state, Boolean& isCompleted)
   at Microsoft.AspNetCore.Mvc.Infrastructure.ControllerActionInvoker.InvokeInnerFilterAsync()
--- End of stack trace from previous location ---
   at Microsoft.AspNetCore.Mvc.Infrastructure.ResourceInvoker.<InvokeFilterPipelineAsync>g__Awaited|20_0(ResourceInvoker invoker, Task lastTask, State next, Scope scope, Object state, Boolean isCompleted)
   at Microsoft.AspNetCore.Mvc.Infrastructure.ResourceInvoker.<InvokeAsync>g__Logged|17_1(ResourceInvoker invoker)
   at Microsoft.AspNetCore.Mvc.Infrastructure.ResourceInvoker.<InvokeAsync>g__Logged|17_1(ResourceInvoker invoker)
   at Microsoft.AspNetCore.Routing.EndpointMiddleware.<Invoke>g__AwaitRequestTask|6_0(Endpoint endpoint, Task requestTask, ILogger logger)
   at Microsoft.AspNetCore.Authorization.AuthorizationMiddleware.Invoke(HttpContext context)
   at Swashbuckle.AspNetCore.SwaggerUI.SwaggerUIMiddleware.Invoke(HttpContext httpContext)
   at Swashbuckle.AspNetCore.Swagger.SwaggerMiddleware.Invoke(HttpContext httpContext, ISwaggerProvider swaggerProvider)
   at Microsoft.AspNetCore.Diagnostics.DeveloperExceptionPageMiddleware.Invoke(HttpContext context)
2022-07-01 12:02:47.551 <> [INF] Request finished HTTP/2 GET https://localhost:7095/WeatherForecast - - - 500 - text/plain;+charset=utf-8 3088.4691ms
2022-07-01 12:14:54.536 <> [INF] Now listening on: https://localhost:7095
2022-07-01 12:14:54.552 <> [INF] Now listening on: http://localhost:5095
2022-07-01 12:14:54.554 <> [INF] Application started. Press Ctrl+C to shut down.
2022-07-01 12:14:54.556 <> [INF] Hosting environment: Development
2022-07-01 12:14:54.557 <> [INF] Content root path: D:\StudySpace\logger\src\DemoLogger.API\
2022-07-01 12:14:54.766 <> [INF] Request starting HTTP/2 GET https://localhost:7095/swagger/index.html - -
2022-07-01 12:14:55.003 <> [INF] Request finished HTTP/2 GET https://localhost:7095/swagger/index.html - - - 200 - text/html;charset=utf-8 238.6613ms
2022-07-01 12:14:55.164 <> [INF] Request starting HTTP/2 GET https://localhost:7095/swagger/v1/swagger.json - -
2022-07-01 12:14:55.217 <> [INF] Request finished HTTP/2 GET https://localhost:7095/swagger/v1/swagger.json - - - 200 - application/json;charset=utf-8 53.1579ms
2022-07-01 12:16:08.181 <> [INF] Now listening on: https://localhost:7095
2022-07-01 12:16:08.197 <> [INF] Now listening on: http://localhost:5095
2022-07-01 12:16:08.199 <> [INF] Application started. Press Ctrl+C to shut down.
2022-07-01 12:16:08.200 <> [INF] Hosting environment: Development
2022-07-01 12:16:08.201 <> [INF] Content root path: D:\StudySpace\logger\src\DemoLogger.API\
2022-07-01 12:16:08.851 <> [INF] Request starting HTTP/2 GET https://localhost:7095/swagger/index.html - -
2022-07-01 12:16:09.058 <> [INF] Request finished HTTP/2 GET https://localhost:7095/swagger/index.html - - - 200 - text/html;charset=utf-8 208.1308ms
2022-07-01 12:16:09.185 <> [INF] Request starting HTTP/2 GET https://localhost:7095/swagger/v1/swagger.json - -
2022-07-01 12:16:09.238 <> [INF] Request finished HTTP/2 GET https://localhost:7095/swagger/v1/swagger.json - - - 200 - application/json;charset=utf-8 53.2595ms
2022-07-01 12:16:48.554 <> [INF] Now listening on: https://localhost:7095
2022-07-01 12:16:48.568 <> [INF] Now listening on: http://localhost:5095
2022-07-01 12:16:48.571 <> [INF] Application started. Press Ctrl+C to shut down.
2022-07-01 12:16:48.571 <> [INF] Hosting environment: Development
2022-07-01 12:16:48.572 <> [INF] Content root path: D:\StudySpace\logger\src\DemoLogger.API\
2022-07-01 12:16:49.246 <> [INF] Request starting HTTP/2 GET https://localhost:7095/swagger/index.html - -
2022-07-01 12:16:49.479 <> [INF] Request finished HTTP/2 GET https://localhost:7095/swagger/index.html - - - 200 - text/html;charset=utf-8 235.1799ms
2022-07-01 12:16:49.595 <> [INF] Request starting HTTP/2 GET https://localhost:7095/swagger/v1/swagger.json - -
2022-07-01 12:16:49.643 <> [INF] Request finished HTTP/2 GET https://localhost:7095/swagger/v1/swagger.json - - - 200 - application/json;charset=utf-8 48.2831ms
2022-07-01 12:17:38.966 <> [INF] Now listening on: https://localhost:7095
2022-07-01 12:17:38.980 <> [INF] Now listening on: http://localhost:5095
2022-07-01 12:17:38.981 <> [INF] Application started. Press Ctrl+C to shut down.
2022-07-01 12:17:38.982 <> [INF] Hosting environment: Development
2022-07-01 12:17:38.983 <> [INF] Content root path: D:\StudySpace\logger\src\DemoLogger.API\
2022-07-01 12:17:39.215 <> [INF] Request starting HTTP/2 GET https://localhost:7095/swagger/index.html - -
2022-07-01 12:17:39.425 <> [INF] Request finished HTTP/2 GET https://localhost:7095/swagger/index.html - - - 200 - text/html;charset=utf-8 210.8001ms
2022-07-01 12:17:39.554 <> [INF] Request starting HTTP/2 GET https://localhost:7095/swagger/v1/swagger.json - -
2022-07-01 12:17:39.610 <> [INF] Request finished HTTP/2 GET https://localhost:7095/swagger/v1/swagger.json - - - 200 - application/json;charset=utf-8 56.1420ms
2022-07-01 12:21:57.246 <> [INF] Now listening on: https://localhost:7095
2022-07-01 12:21:57.261 <> [INF] Now listening on: http://localhost:5095
2022-07-01 12:21:57.262 <> [INF] Application started. Press Ctrl+C to shut down.
2022-07-01 12:21:57.263 <> [INF] Hosting environment: Development
2022-07-01 12:21:57.265 <> [INF] Content root path: D:\StudySpace\logger\src\DemoLogger.API\
2022-07-01 12:21:57.477 <> [INF] Request starting HTTP/2 GET https://localhost:7095/swagger/index.html - -
2022-07-01 12:21:57.691 <> [INF] Request finished HTTP/2 GET https://localhost:7095/swagger/index.html - - - 200 - text/html;charset=utf-8 214.5626ms
2022-07-01 12:21:57.835 <> [INF] Request starting HTTP/2 GET https://localhost:7095/swagger/v1/swagger.json - -
2022-07-01 12:21:57.893 <> [INF] Request finished HTTP/2 GET https://localhost:7095/swagger/v1/swagger.json - - - 200 - application/json;charset=utf-8 58.2628ms
2022-07-01 12:21:59.794 <> [INF] Request starting HTTP/2 GET https://localhost:7095/WeatherForecast - -
2022-07-01 12:21:59.805 <> [INF] Executing endpoint 'DemoLogger.API.Controllers.WeatherForecastController.Get (DemoLogger.API)'
2022-07-01 12:21:59.811 <> [INF] Route matched with {action = "Get", controller = "WeatherForecast"}. Executing controller action with signature System.Collections.Generic.IEnumerable`1[DemoLogger.API.WeatherForecast] Get() on controller DemoLogger.API.Controllers.WeatherForecastController (DemoLogger.API).
2022-07-01 12:21:59.823 <> [INF] Freezing
2022-07-01 12:21:59.834 <> [INF] Executing ObjectResult, writing value of type 'DemoLogger.API.WeatherForecast[]'.
2022-07-01 12:21:59.842 <> [INF] Executed action DemoLogger.API.Controllers.WeatherForecastController.Get (DemoLogger.API) in 20.0101ms
2022-07-01 12:21:59.844 <> [INF] Executed endpoint 'DemoLogger.API.Controllers.WeatherForecastController.Get (DemoLogger.API)'
2022-07-01 12:21:59.845 <> [INF] Request finished HTTP/2 GET https://localhost:7095/WeatherForecast - - - 200 - application/json;+charset=utf-8 50.8434ms
2022-07-01 12:22:23.161 <> [INF] Request starting HTTP/2 GET https://localhost:7095/WeatherForecast - -
2022-07-01 12:22:23.167 <> [INF] Executing endpoint 'DemoLogger.API.Controllers.WeatherForecastController.Get (DemoLogger.API)'
2022-07-01 12:22:23.168 <> [INF] Route matched with {action = "Get", controller = "WeatherForecast"}. Executing controller action with signature System.Collections.Generic.IEnumerable`1[DemoLogger.API.WeatherForecast] Get() on controller DemoLogger.API.Controllers.WeatherForecastController (DemoLogger.API).
2022-07-01 12:22:23.176 <> [INF] Freezing
2022-07-01 12:22:23.185 <> [INF] Executing ObjectResult, writing value of type 'DemoLogger.API.WeatherForecast[]'.
2022-07-01 12:22:23.186 <> [INF] Executed action DemoLogger.API.Controllers.WeatherForecastController.Get (DemoLogger.API) in 11.4796ms
2022-07-01 12:22:23.187 <> [INF] Executed endpoint 'DemoLogger.API.Controllers.WeatherForecastController.Get (DemoLogger.API)'
2022-07-01 12:22:23.188 <> [INF] Request finished HTTP/2 GET https://localhost:7095/WeatherForecast - - - 200 - application/json;+charset=utf-8 26.9143ms
2022-07-01 12:23:22.045 <> [INF] Now listening on: https://localhost:7095
2022-07-01 12:23:22.063 <> [INF] Now listening on: http://localhost:5095
2022-07-01 12:23:22.067 <> [INF] Application started. Press Ctrl+C to shut down.
2022-07-01 12:23:22.068 <> [INF] Hosting environment: Development
2022-07-01 12:23:22.070 <> [INF] Content root path: D:\StudySpace\logger\src\DemoLogger.API\
2022-07-01 12:23:22.262 <> [INF] Request starting HTTP/2 GET https://localhost:7095/swagger/index.html - -
2022-07-01 12:23:22.497 <> [INF] Request finished HTTP/2 GET https://localhost:7095/swagger/index.html - - - 200 - text/html;charset=utf-8 236.8089ms
2022-07-01 12:23:22.632 <> [INF] Request starting HTTP/2 GET https://localhost:7095/swagger/v1/swagger.json - -
2022-07-01 12:23:22.685 <> [INF] Request finished HTTP/2 GET https://localhost:7095/swagger/v1/swagger.json - - - 200 - application/json;charset=utf-8 53.2457ms
2022-07-01 12:23:25.884 <> [INF] Request starting HTTP/2 GET https://localhost:7095/WeatherForecast - -
2022-07-01 12:23:25.896 <> [INF] Executing endpoint 'DemoLogger.API.Controllers.WeatherForecastController.Get (DemoLogger.API)'
2022-07-01 12:23:25.903 <> [INF] Route matched with {action = "Get", controller = "WeatherForecast"}. Executing controller action with signature System.Collections.Generic.IEnumerable`1[DemoLogger.API.WeatherForecast] Get() on controller DemoLogger.API.Controllers.WeatherForecastController (DemoLogger.API).
2022-07-01 12:23:25.918 <> [INF] Summaries的值是：Freezing
2022-07-01 12:23:25.933 <> [INF] Executing ObjectResult, writing value of type 'DemoLogger.API.WeatherForecast[]'.
2022-07-01 12:23:25.940 <> [INF] Executed action DemoLogger.API.Controllers.WeatherForecastController.Get (DemoLogger.API) in 23.745ms
2022-07-01 12:23:25.942 <> [INF] Executed endpoint 'DemoLogger.API.Controllers.WeatherForecastController.Get (DemoLogger.API)'
2022-07-01 12:23:25.945 <> [INF] Request finished HTTP/2 GET https://localhost:7095/WeatherForecast - - - 200 - application/json;+charset=utf-8 61.1496ms
2022-07-01 12:23:55.775 <> [INF] Now listening on: https://localhost:7095
2022-07-01 12:23:55.788 <> [INF] Now listening on: http://localhost:5095
2022-07-01 12:23:55.790 <> [INF] Application started. Press Ctrl+C to shut down.
2022-07-01 12:23:55.791 <> [INF] Hosting environment: Development
2022-07-01 12:23:55.792 <> [INF] Content root path: D:\StudySpace\logger\src\DemoLogger.API\
2022-07-01 12:23:56.014 <> [INF] Request starting HTTP/2 GET https://localhost:7095/swagger/index.html - -
2022-07-01 12:23:56.222 <> [INF] Request finished HTTP/2 GET https://localhost:7095/swagger/index.html - - - 200 - text/html;charset=utf-8 209.5520ms
2022-07-01 12:23:56.346 <> [INF] Request starting HTTP/2 GET https://localhost:7095/swagger/v1/swagger.json - -
2022-07-01 12:23:56.399 <> [INF] Request finished HTTP/2 GET https://localhost:7095/swagger/v1/swagger.json - - - 200 - application/json;charset=utf-8 53.2026ms
2022-07-01 12:23:59.422 <> [INF] Request starting HTTP/2 GET https://localhost:7095/WeatherForecast - -
2022-07-01 12:23:59.434 <> [INF] Executing endpoint 'DemoLogger.API.Controllers.WeatherForecastController.Get (DemoLogger.API)'
2022-07-01 12:23:59.441 <> [INF] Route matched with {action = "Get", controller = "WeatherForecast"}. Executing controller action with signature System.Collections.Generic.IEnumerable`1[DemoLogger.API.WeatherForecast] Get() on controller DemoLogger.API.Controllers.WeatherForecastController (DemoLogger.API).
2022-07-01 12:23:59.455 <> [INF] Summaries的值是：Freezing
2022-07-01 12:23:59.471 <> [INF] Executing ObjectResult, writing value of type 'DemoLogger.API.WeatherForecast[]'.
2022-07-01 12:23:59.479 <> [INF] Executed action DemoLogger.API.Controllers.WeatherForecastController.Get (DemoLogger.API) in 25.1544ms
2022-07-01 12:23:59.483 <> [INF] Executed endpoint 'DemoLogger.API.Controllers.WeatherForecastController.Get (DemoLogger.API)'
2022-07-01 12:23:59.484 <> [INF] Request finished HTTP/2 GET https://localhost:7095/WeatherForecast - - - 200 - application/json;+charset=utf-8 61.9390ms
2022-07-01 12:24:08.725 <> [INF] Request starting HTTP/2 GET https://localhost:7095/WeatherForecast - -
2022-07-01 12:24:08.730 <> [INF] Executing endpoint 'DemoLogger.API.Controllers.WeatherForecastController.Get (DemoLogger.API)'
2022-07-01 12:24:08.731 <> [INF] Route matched with {action = "Get", controller = "WeatherForecast"}. Executing controller action with signature System.Collections.Generic.IEnumerable`1[DemoLogger.API.WeatherForecast] Get() on controller DemoLogger.API.Controllers.WeatherForecastController (DemoLogger.API).
2022-07-01 12:24:08.742 <> [INF] Summaries的值是：Freezing
2022-07-01 12:24:08.749 <> [INF] Executing ObjectResult, writing value of type 'DemoLogger.API.WeatherForecast[]'.
2022-07-01 12:24:08.752 <> [INF] Executed action DemoLogger.API.Controllers.WeatherForecastController.Get (DemoLogger.API) in 11.5556ms
2022-07-01 12:24:08.753 <> [INF] Executed endpoint 'DemoLogger.API.Controllers.WeatherForecastController.Get (DemoLogger.API)'
2022-07-01 12:24:08.754 <> [INF] Request finished HTTP/2 GET https://localhost:7095/WeatherForecast - - - 200 - application/json;+charset=utf-8 29.2207ms
2022-07-01 12:25:39.200 <> [INF] Now listening on: https://localhost:7095
2022-07-01 12:25:39.214 <> [INF] Now listening on: http://localhost:5095
2022-07-01 12:25:39.216 <> [INF] Application started. Press Ctrl+C to shut down.
2022-07-01 12:25:39.217 <> [INF] Hosting environment: Development
2022-07-01 12:25:39.218 <> [INF] Content root path: D:\StudySpace\logger\src\DemoLogger.API\
2022-07-01 12:25:39.908 <> [INF] Request starting HTTP/2 GET https://localhost:7095/swagger/index.html - -
2022-07-01 12:25:40.117 <> [INF] Request finished HTTP/2 GET https://localhost:7095/swagger/index.html - - - 200 - text/html;charset=utf-8 209.7462ms
2022-07-01 12:25:40.275 <> [INF] Request starting HTTP/2 GET https://localhost:7095/swagger/v1/swagger.json - -
2022-07-01 12:25:40.325 <> [INF] Request finished HTTP/2 GET https://localhost:7095/swagger/v1/swagger.json - - - 200 - application/json;charset=utf-8 49.7970ms
2022-07-01 12:25:42.361 <> [INF] Request starting HTTP/2 GET https://localhost:7095/WeatherForecast - -
2022-07-01 12:25:42.373 <> [INF] Executing endpoint 'DemoLogger.API.Controllers.WeatherForecastController.Get (DemoLogger.API)'
2022-07-01 12:25:42.379 <> [INF] Route matched with {action = "Get", controller = "WeatherForecast"}. Executing controller action with signature System.Collections.Generic.IEnumerable`1[DemoLogger.API.WeatherForecast] Get() on controller DemoLogger.API.Controllers.WeatherForecastController (DemoLogger.API).
2022-07-01 12:25:42.488 <> [INF] Summaries的值是：["Freezing","Bracing","Chilly","Cool","Mild","Warm","Balmy","Hot","Sweltering","Scorching"]
2022-07-01 12:25:42.499 <> [INF] Executing ObjectResult, writing value of type 'DemoLogger.API.WeatherForecast[]'.
2022-07-01 12:25:42.506 <> [INF] Executed action DemoLogger.API.Controllers.WeatherForecastController.Get (DemoLogger.API) in 114.5164ms
2022-07-01 12:25:42.508 <> [INF] Executed endpoint 'DemoLogger.API.Controllers.WeatherForecastController.Get (DemoLogger.API)'
2022-07-01 12:25:42.509 <> [INF] Request finished HTTP/2 GET https://localhost:7095/WeatherForecast - - - 200 - application/json;+charset=utf-8 148.3343ms
2022-07-01 12:28:05.738 <> [INF] Now listening on: https://localhost:7095
2022-07-01 12:28:05.752 <> [INF] Now listening on: http://localhost:5095
2022-07-01 12:28:05.753 <> [INF] Application started. Press Ctrl+C to shut down.
2022-07-01 12:28:05.754 <> [INF] Hosting environment: Development
2022-07-01 12:28:05.755 <> [INF] Content root path: D:\StudySpace\logger\src\DemoLogger.API\
2022-07-01 12:28:06.402 <> [INF] Request starting HTTP/2 GET https://localhost:7095/swagger/index.html - -
2022-07-01 12:28:06.607 <> [INF] Request finished HTTP/2 GET https://localhost:7095/swagger/index.html - - - 200 - text/html;charset=utf-8 206.1339ms
2022-07-01 12:28:06.721 <> [INF] Request starting HTTP/2 GET https://localhost:7095/swagger/v1/swagger.json - -
2022-07-01 12:28:06.776 <> [INF] Request finished HTTP/2 GET https://localhost:7095/swagger/v1/swagger.json - - - 200 - application/json;charset=utf-8 55.8436ms
2022-07-01 12:28:08.959 <> [INF] Request starting HTTP/2 GET https://localhost:7095/WeatherForecast - -
2022-07-01 12:28:08.970 <> [INF] Executing endpoint 'DemoLogger.API.Controllers.WeatherForecastController.Get (DemoLogger.API)'
2022-07-01 12:28:08.976 <> [INF] Route matched with {action = "Get", controller = "WeatherForecast"}. Executing controller action with signature System.Collections.Generic.IEnumerable`1[DemoLogger.API.WeatherForecast] Get() on controller DemoLogger.API.Controllers.WeatherForecastController (DemoLogger.API).
2022-07-01 12:28:08.987 <> [INF] Summaries的值是：@Summaries
2022-07-01 12:28:08.999 <> [INF] Executing ObjectResult, writing value of type 'DemoLogger.API.WeatherForecast[]'.
2022-07-01 12:28:09.005 <> [INF] Executed action DemoLogger.API.Controllers.WeatherForecastController.Get (DemoLogger.API) in 19.2278ms
2022-07-01 12:28:09.007 <> [INF] Executed endpoint 'DemoLogger.API.Controllers.WeatherForecastController.Get (DemoLogger.API)'
2022-07-01 12:28:09.008 <> [INF] Request finished HTTP/2 GET https://localhost:7095/WeatherForecast - - - 200 - application/json;+charset=utf-8 48.1377ms
2022-07-01 12:28:34.663 <> [INF] Now listening on: https://localhost:7095
2022-07-01 12:28:34.677 <> [INF] Now listening on: http://localhost:5095
2022-07-01 12:28:34.679 <> [INF] Application started. Press Ctrl+C to shut down.
2022-07-01 12:28:34.679 <> [INF] Hosting environment: Development
2022-07-01 12:28:34.680 <> [INF] Content root path: D:\StudySpace\logger\src\DemoLogger.API\
2022-07-01 12:28:34.901 <> [INF] Request starting HTTP/2 GET https://localhost:7095/swagger/index.html - -
2022-07-01 12:28:35.122 <> [INF] Request finished HTTP/2 GET https://localhost:7095/swagger/index.html - - - 200 - text/html;charset=utf-8 222.4701ms
2022-07-01 12:28:35.264 <> [INF] Request starting HTTP/2 GET https://localhost:7095/swagger/v1/swagger.json - -
2022-07-01 12:28:35.321 <> [INF] Request finished HTTP/2 GET https://localhost:7095/swagger/v1/swagger.json - - - 200 - application/json;charset=utf-8 56.8141ms
2022-07-01 12:28:37.708 <> [INF] Request starting HTTP/2 GET https://localhost:7095/WeatherForecast - -
2022-07-01 12:28:37.720 <> [INF] Executing endpoint 'DemoLogger.API.Controllers.WeatherForecastController.Get (DemoLogger.API)'
2022-07-01 12:28:37.726 <> [INF] Route matched with {action = "Get", controller = "WeatherForecast"}. Executing controller action with signature System.Collections.Generic.IEnumerable`1[DemoLogger.API.WeatherForecast] Get() on controller DemoLogger.API.Controllers.WeatherForecastController (DemoLogger.API).
2022-07-01 12:28:37.741 <> [INF] Summaries的值是：Freezing
2022-07-01 12:28:37.754 <> [INF] Executing ObjectResult, writing value of type 'DemoLogger.API.WeatherForecast[]'.
2022-07-01 12:28:37.761 <> [INF] Executed action DemoLogger.API.Controllers.WeatherForecastController.Get (DemoLogger.API) in 21.8316ms
2022-07-01 12:28:37.764 <> [INF] Executed endpoint 'DemoLogger.API.Controllers.WeatherForecastController.Get (DemoLogger.API)'
2022-07-01 12:28:37.765 <> [INF] Request finished HTTP/2 GET https://localhost:7095/WeatherForecast - - - 200 - application/json;+charset=utf-8 56.5090ms
2022-07-01 14:07:10.499 <> [INF] Now listening on: https://localhost:7095
2022-07-01 14:07:10.512 <> [INF] Now listening on: http://localhost:5095
2022-07-01 14:07:10.514 <> [INF] Application started. Press Ctrl+C to shut down.
2022-07-01 14:07:10.515 <> [INF] Hosting environment: Development
2022-07-01 14:07:10.516 <> [INF] Content root path: D:\StudySpace\logger\src\DemoLogger.API\
2022-07-01 14:07:10.776 <> [INF] Request starting HTTP/2 GET https://localhost:7095/swagger/index.html - -
2022-07-01 14:07:10.995 <> [INF] Request finished HTTP/2 GET https://localhost:7095/swagger/index.html - - - 200 - text/html;charset=utf-8 221.1001ms
2022-07-01 14:07:11.122 <> [INF] Request starting HTTP/2 GET https://localhost:7095/swagger/v1/swagger.json - -
2022-07-01 14:07:11.171 <> [INF] Request finished HTTP/2 GET https://localhost:7095/swagger/v1/swagger.json - - - 200 - application/json;charset=utf-8 49.4410ms
2022-07-01 14:07:22.817 <> [INF] Request starting HTTP/2 GET https://localhost:7095/WeatherForecast - -
2022-07-01 14:07:22.828 <> [INF] Executing endpoint 'DemoLogger.API.Controllers.WeatherForecastController.Get (DemoLogger.API)'
2022-07-01 14:07:22.835 <> [INF] Route matched with {action = "Get", controller = "WeatherForecast"}. Executing controller action with signature System.Collections.Generic.IEnumerable`1[DemoLogger.API.WeatherForecast] Get() on controller DemoLogger.API.Controllers.WeatherForecastController (DemoLogger.API).
2022-07-01 14:07:22.848 <> [INF] Summaries的值是：Freezing
2022-07-01 14:07:22.862 <> [INF] Executing ObjectResult, writing value of type 'DemoLogger.API.WeatherForecast[]'.
2022-07-01 14:07:22.870 <> [INF] Executed action DemoLogger.API.Controllers.WeatherForecastController.Get (DemoLogger.API) in 22.0956ms
2022-07-01 14:07:22.872 <> [INF] Executed endpoint 'DemoLogger.API.Controllers.WeatherForecastController.Get (DemoLogger.API)'
2022-07-01 14:07:22.872 <> [INF] Request finished HTTP/2 GET https://localhost:7095/WeatherForecast - - - 200 - application/json;+charset=utf-8 55.8468ms
2022-07-01 14:58:38.502 <> [INF] Now listening on: https://localhost:7095
2022-07-01 14:58:38.516 <> [INF] Now listening on: http://localhost:5095
2022-07-01 14:58:38.518 <> [INF] Application started. Press Ctrl+C to shut down.
2022-07-01 14:58:38.519 <> [INF] Hosting environment: Development
2022-07-01 14:58:38.519 <> [INF] Content root path: D:\StudySpace\logger\src\DemoLogger.API\
2022-07-01 14:58:39.165 <> [INF] Request starting HTTP/2 GET https://localhost:7095/swagger/index.html - -
2022-07-01 14:58:39.374 <> [INF] Request finished HTTP/2 GET https://localhost:7095/swagger/index.html - - - 200 - text/html;charset=utf-8 210.5759ms
2022-07-01 14:58:39.515 <> [INF] Request starting HTTP/2 GET https://localhost:7095/swagger/v1/swagger.json - -
2022-07-01 14:58:39.563 <> [INF] Request finished HTTP/2 GET https://localhost:7095/swagger/v1/swagger.json - - - 200 - application/json;charset=utf-8 48.6206ms
2022-07-01 14:58:45.866 <> [INF] Request starting HTTP/2 GET https://localhost:7095/WeatherForecast - -
2022-07-01 14:58:45.878 <> [INF] Executing endpoint 'DemoLogger.API.Controllers.WeatherForecastController.Get (DemoLogger.API)'
2022-07-01 14:58:45.884 <> [INF] Route matched with {action = "Get", controller = "WeatherForecast"}. Executing controller action with signature System.Collections.Generic.IEnumerable`1[DemoLogger.API.WeatherForecast] Get() on controller DemoLogger.API.Controllers.WeatherForecastController (DemoLogger.API).
2022-07-01 14:58:45.898 <> [INF] Summaries的值是：System.String[]
2022-07-01 14:58:45.914 <> [INF] Executing ObjectResult, writing value of type 'DemoLogger.API.WeatherForecast[]'.
2022-07-01 14:58:45.921 <> [INF] Executed action DemoLogger.API.Controllers.WeatherForecastController.Get (DemoLogger.API) in 23.6133ms
2022-07-01 14:58:45.923 <> [INF] Executed endpoint 'DemoLogger.API.Controllers.WeatherForecastController.Get (DemoLogger.API)'
2022-07-01 14:58:45.924 <> [INF] Request finished HTTP/2 GET https://localhost:7095/WeatherForecast - - - 200 - application/json;+charset=utf-8 57.6843ms
2022-07-01 14:59:17.635 <> [INF] Now listening on: https://localhost:7095
2022-07-01 14:59:17.654 <> [INF] Now listening on: http://localhost:5095
2022-07-01 14:59:17.655 <> [INF] Application started. Press Ctrl+C to shut down.
2022-07-01 14:59:17.656 <> [INF] Hosting environment: Development
2022-07-01 14:59:17.657 <> [INF] Content root path: D:\StudySpace\logger\src\DemoLogger.API\
2022-07-01 14:59:17.849 <> [INF] Request starting HTTP/2 GET https://localhost:7095/swagger/index.html - -
2022-07-01 14:59:18.063 <> [INF] Request finished HTTP/2 GET https://localhost:7095/swagger/index.html - - - 200 - text/html;charset=utf-8 215.4325ms
2022-07-01 14:59:18.195 <> [INF] Request starting HTTP/2 GET https://localhost:7095/swagger/v1/swagger.json - -
2022-07-01 14:59:18.258 <> [INF] Request finished HTTP/2 GET https://localhost:7095/swagger/v1/swagger.json - - - 200 - application/json;charset=utf-8 62.7390ms
2022-07-01 14:59:21.628 <> [INF] Request starting HTTP/2 GET https://localhost:7095/WeatherForecast - -
2022-07-01 14:59:21.638 <> [INF] Executing endpoint 'DemoLogger.API.Controllers.WeatherForecastController.Get (DemoLogger.API)'
2022-07-01 14:59:21.645 <> [INF] Route matched with {action = "Get", controller = "WeatherForecast"}. Executing controller action with signature System.Collections.Generic.IEnumerable`1[DemoLogger.API.WeatherForecast] Get() on controller DemoLogger.API.Controllers.WeatherForecastController (DemoLogger.API).
2022-07-01 14:59:21.661 <> [INF] Summaries的值是：Freezing
2022-07-01 14:59:21.673 <> [INF] Executing ObjectResult, writing value of type 'DemoLogger.API.WeatherForecast[]'.
2022-07-01 14:59:21.680 <> [INF] Executed action DemoLogger.API.Controllers.WeatherForecastController.Get (DemoLogger.API) in 20.5029ms
2022-07-01 14:59:21.681 <> [INF] Executed endpoint 'DemoLogger.API.Controllers.WeatherForecastController.Get (DemoLogger.API)'
2022-07-01 14:59:21.682 <> [INF] Request finished HTTP/2 GET https://localhost:7095/WeatherForecast - - - 200 - application/json;+charset=utf-8 54.6004ms
2022-07-01 15:04:24.791 <> [INF] Now listening on: https://localhost:7095
2022-07-01 15:04:24.805 <> [INF] Now listening on: http://localhost:5095
2022-07-01 15:04:24.806 <> [INF] Application started. Press Ctrl+C to shut down.
2022-07-01 15:04:24.807 <> [INF] Hosting environment: Development
2022-07-01 15:04:24.808 <> [INF] Content root path: D:\StudySpace\logger\src\DemoLogger.API\
2022-07-01 15:04:25.435 <> [INF] Request starting HTTP/2 GET https://localhost:7095/swagger/index.html - -
2022-07-01 15:04:25.657 <> [INF] Request finished HTTP/2 GET https://localhost:7095/swagger/index.html - - - 200 - text/html;charset=utf-8 223.9976ms
2022-07-01 15:04:25.784 <> [INF] Request starting HTTP/2 GET https://localhost:7095/swagger/v1/swagger.json - -
2022-07-01 15:04:25.836 <> [INF] Request finished HTTP/2 GET https://localhost:7095/swagger/v1/swagger.json - - - 200 - application/json;charset=utf-8 51.8890ms
2022-07-01 15:04:31.869 <> [INF] Request starting HTTP/2 GET https://localhost:7095/WeatherForecast - -
2022-07-01 15:04:31.882 <> [INF] Executing endpoint 'DemoLogger.API.Controllers.WeatherForecastController.Get (DemoLogger.API)'
2022-07-01 15:04:31.888 <> [INF] Route matched with {action = "Get", controller = "WeatherForecast"}. Executing controller action with signature System.Collections.Generic.IEnumerable`1[DemoLogger.API.WeatherForecast] Get() on controller DemoLogger.API.Controllers.WeatherForecastController (DemoLogger.API).
2022-07-01 15:04:31.899 <> [INF] Summaries的值是：Freezing
2022-07-01 15:04:31.904 <> [INF] WeatherForecast的值是：DemoLogger.API.WeatherForecast
2022-07-01 15:04:31.913 <> [INF] Executing ObjectResult, writing value of type 'DemoLogger.API.WeatherForecast[]'.
2022-07-01 15:04:31.920 <> [INF] Executed action DemoLogger.API.Controllers.WeatherForecastController.Get (DemoLogger.API) in 21.1475ms
2022-07-01 15:04:31.922 <> [INF] Executed endpoint 'DemoLogger.API.Controllers.WeatherForecastController.Get (DemoLogger.API)'
2022-07-01 15:04:31.923 <> [INF] Request finished HTTP/2 GET https://localhost:7095/WeatherForecast - - - 200 - application/json;+charset=utf-8 53.9649ms
2022-07-01 15:05:02.808 <> [INF] Request starting HTTP/2 GET https://localhost:7095/WeatherForecast - -
2022-07-01 15:05:02.816 <> [INF] Executing endpoint 'DemoLogger.API.Controllers.WeatherForecastController.Get (DemoLogger.API)'
2022-07-01 15:05:02.817 <> [INF] Route matched with {action = "Get", controller = "WeatherForecast"}. Executing controller action with signature System.Collections.Generic.IEnumerable`1[DemoLogger.API.WeatherForecast] Get() on controller DemoLogger.API.Controllers.WeatherForecastController (DemoLogger.API).
2022-07-01 15:05:02.828 <> [INF] Summaries的值是：Freezing
2022-07-01 15:05:27.326 <> [INF] Now listening on: https://localhost:7095
2022-07-01 15:05:27.342 <> [INF] Now listening on: http://localhost:5095
2022-07-01 15:05:27.344 <> [INF] Application started. Press Ctrl+C to shut down.
2022-07-01 15:05:27.345 <> [INF] Hosting environment: Development
2022-07-01 15:05:27.346 <> [INF] Content root path: D:\StudySpace\logger\src\DemoLogger.API\
2022-07-01 15:05:27.541 <> [INF] Request starting HTTP/2 GET https://localhost:7095/swagger/index.html - -
2022-07-01 15:05:27.751 <> [INF] Request finished HTTP/2 GET https://localhost:7095/swagger/index.html - - - 200 - text/html;charset=utf-8 210.4929ms
2022-07-01 15:05:27.884 <> [INF] Request starting HTTP/2 GET https://localhost:7095/swagger/v1/swagger.json - -
2022-07-01 15:05:27.940 <> [INF] Request finished HTTP/2 GET https://localhost:7095/swagger/v1/swagger.json - - - 200 - application/json;charset=utf-8 56.3992ms
2022-07-01 15:05:30.224 <> [INF] Request starting HTTP/2 GET https://localhost:7095/WeatherForecast - -
2022-07-01 15:05:30.235 <> [INF] Executing endpoint 'DemoLogger.API.Controllers.WeatherForecastController.Get (DemoLogger.API)'
2022-07-01 15:05:30.243 <> [INF] Route matched with {action = "Get", controller = "WeatherForecast"}. Executing controller action with signature System.Collections.Generic.IEnumerable`1[DemoLogger.API.WeatherForecast] Get() on controller DemoLogger.API.Controllers.WeatherForecastController (DemoLogger.API).
2022-07-01 15:05:30.258 <> [INF] Summaries的值是：Freezing
2022-07-01 15:05:33.414 <> [INF] WeatherForecast的值是：DemoLogger.API.WeatherForecast
2022-07-01 15:05:33.430 <> [INF] Executing ObjectResult, writing value of type 'DemoLogger.API.WeatherForecast[]'.
2022-07-01 15:05:33.439 <> [INF] Executed action DemoLogger.API.Controllers.WeatherForecastController.Get (DemoLogger.API) in 3182.0171ms
2022-07-01 15:05:33.441 <> [INF] Executed endpoint 'DemoLogger.API.Controllers.WeatherForecastController.Get (DemoLogger.API)'
2022-07-01 15:05:33.442 <> [INF] Request finished HTTP/2 GET https://localhost:7095/WeatherForecast - - - 200 - application/json;+charset=utf-8 3218.1485ms
2022-07-01 15:12:07.161 <> [INF] Now listening on: https://localhost:7095
2022-07-01 15:12:07.174 <> [INF] Now listening on: http://localhost:5095
2022-07-01 15:12:07.176 <> [INF] Application started. Press Ctrl+C to shut down.
2022-07-01 15:12:07.177 <> [INF] Hosting environment: Development
2022-07-01 15:12:07.177 <> [INF] Content root path: D:\StudySpace\logger\src\DemoLogger.API\
2022-07-01 15:12:07.675 <> [INF] Request starting HTTP/2 GET https://localhost:7095/swagger/index.html - -
2022-07-01 15:12:07.890 <> [INF] Request finished HTTP/2 GET https://localhost:7095/swagger/index.html - - - 200 - text/html;charset=utf-8 216.2108ms
2022-07-01 15:12:08.042 <> [INF] Request starting HTTP/2 GET https://localhost:7095/swagger/v1/swagger.json - -
2022-07-01 15:12:08.103 <> [INF] Request finished HTTP/2 GET https://localhost:7095/swagger/v1/swagger.json - - - 200 - application/json;charset=utf-8 60.6278ms
2022-07-01 15:12:14.331 <> [INF] Request starting HTTP/2 GET https://localhost:7095/WeatherForecast - -
2022-07-01 15:12:14.344 <> [INF] Executing endpoint 'DemoLogger.API.Controllers.WeatherForecastController.Get (DemoLogger.API)'
2022-07-01 15:12:14.350 <> [INF] Route matched with {action = "Get", controller = "WeatherForecast"}. Executing controller action with signature System.Collections.Generic.IEnumerable`1[DemoLogger.API.WeatherForecast] Get() on controller DemoLogger.API.Controllers.WeatherForecastController (DemoLogger.API).
2022-07-01 15:12:14.369 <> [INF] Summaries的值是：Freezing
2022-07-01 15:12:15.780 <> [INF] WeatherForecast的值是：DemoLogger.API.WeatherForecast
2022-07-01 15:12:15.789 <> [INF] Executing ObjectResult, writing value of type 'DemoLogger.API.WeatherForecast[]'.
2022-07-01 15:12:15.796 <> [INF] Executed action DemoLogger.API.Controllers.WeatherForecastController.Get (DemoLogger.API) in 1434.6069ms
2022-07-01 15:12:15.798 <> [INF] Executed endpoint 'DemoLogger.API.Controllers.WeatherForecastController.Get (DemoLogger.API)'
2022-07-01 15:12:15.799 <> [INF] Request finished HTTP/2 GET https://localhost:7095/WeatherForecast - - - 200 - application/json;+charset=utf-8 1467.4209ms
2022-07-01 15:13:09.038 <> [INF] Now listening on: https://localhost:7095
2022-07-01 15:13:09.052 <> [INF] Now listening on: http://localhost:5095
2022-07-01 15:13:09.053 <> [INF] Application started. Press Ctrl+C to shut down.
2022-07-01 15:13:09.054 <> [INF] Hosting environment: Development
2022-07-01 15:13:09.055 <> [INF] Content root path: D:\StudySpace\logger\src\DemoLogger.API\
2022-07-01 15:13:09.312 <> [INF] Request starting HTTP/2 GET https://localhost:7095/swagger/index.html - -
2022-07-01 15:13:09.527 <> [INF] Request finished HTTP/2 GET https://localhost:7095/swagger/index.html - - - 200 - text/html;charset=utf-8 215.9636ms
2022-07-01 15:13:09.682 <> [INF] Request starting HTTP/2 GET https://localhost:7095/swagger/v1/swagger.json - -
2022-07-01 15:13:09.738 <> [INF] Request finished HTTP/2 GET https://localhost:7095/swagger/v1/swagger.json - - - 200 - application/json;charset=utf-8 55.8183ms
2022-07-01 15:13:12.333 <> [INF] Request starting HTTP/2 GET https://localhost:7095/WeatherForecast - -
2022-07-01 15:13:12.345 <> [INF] Executing endpoint 'DemoLogger.API.Controllers.WeatherForecastController.Get (DemoLogger.API)'
2022-07-01 15:13:12.351 <> [INF] Route matched with {action = "Get", controller = "WeatherForecast"}. Executing controller action with signature System.Collections.Generic.IEnumerable`1[DemoLogger.API.WeatherForecast] Get() on controller DemoLogger.API.Controllers.WeatherForecastController (DemoLogger.API).
2022-07-01 15:13:12.364 <> [INF] Summaries的值是：Freezing
2022-07-01 15:13:13.469 <> [INF] WeatherForecast的值是：{"Date":"2022-07-02T15:13:12.3656280+08:00","TemperatureC":11,"TemperatureF":51,"Summary":"Cool","$type":"WeatherForecast"}
2022-07-01 15:13:13.483 <> [INF] Executing ObjectResult, writing value of type 'DemoLogger.API.WeatherForecast[]'.
2022-07-01 15:13:13.490 <> [INF] Executed action DemoLogger.API.Controllers.WeatherForecastController.Get (DemoLogger.API) in 1127.2148ms
2022-07-01 15:13:13.491 <> [INF] Executed endpoint 'DemoLogger.API.Controllers.WeatherForecastController.Get (DemoLogger.API)'
2022-07-01 15:13:13.492 <> [INF] Request finished HTTP/2 GET https://localhost:7095/WeatherForecast - - - 200 - application/json;+charset=utf-8 1159.2380ms
2022-07-01 15:13:19.072 <> [INF] Request starting HTTP/2 GET https://localhost:7095/WeatherForecast - -
2022-07-01 15:13:19.077 <> [INF] Executing endpoint 'DemoLogger.API.Controllers.WeatherForecastController.Get (DemoLogger.API)'
2022-07-01 15:13:19.078 <> [INF] Route matched with {action = "Get", controller = "WeatherForecast"}. Executing controller action with signature System.Collections.Generic.IEnumerable`1[DemoLogger.API.WeatherForecast] Get() on controller DemoLogger.API.Controllers.WeatherForecastController (DemoLogger.API).
2022-07-01 15:13:19.091 <> [INF] Summaries的值是：Freezing
2022-07-01 15:13:21.543 <> [INF] WeatherForecast的值是：{"Date":"2022-07-02T15:13:19.0916731+08:00","TemperatureC":-3,"TemperatureF":27,"Summary":"Cool","$type":"WeatherForecast"}
2022-07-01 15:13:21.556 <> [INF] Executing ObjectResult, writing value of type 'DemoLogger.API.WeatherForecast[]'.
2022-07-01 15:13:21.557 <> [INF] Executed action DemoLogger.API.Controllers.WeatherForecastController.Get (DemoLogger.API) in 2468.6897ms
2022-07-01 15:13:21.558 <> [INF] Executed endpoint 'DemoLogger.API.Controllers.WeatherForecastController.Get (DemoLogger.API)'
2022-07-01 15:13:21.560 <> [INF] Request finished HTTP/2 GET https://localhost:7095/WeatherForecast - - - 200 - application/json;+charset=utf-8 2488.6381ms
2022-07-01 15:28:08.641 <> [INF] Now listening on: https://localhost:7095
2022-07-01 15:28:08.656 <> [INF] Now listening on: http://localhost:5095
2022-07-01 15:28:08.657 <> [INF] Application started. Press Ctrl+C to shut down.
2022-07-01 15:28:08.658 <> [INF] Hosting environment: Development
2022-07-01 15:28:08.658 <> [INF] Content root path: D:\StudySpace\logger\src\DemoLogger.API\
2022-07-01 15:28:09.293 <> [INF] Request starting HTTP/2 GET https://localhost:7095/swagger/index.html - -
2022-07-01 15:28:09.508 <> [INF] Request finished HTTP/2 GET https://localhost:7095/swagger/index.html - - - 200 - text/html;charset=utf-8 216.0544ms
2022-07-01 15:28:09.630 <> [INF] Request starting HTTP/2 GET https://localhost:7095/swagger/v1/swagger.json - -
2022-07-01 15:28:09.681 <> [INF] Request finished HTTP/2 GET https://localhost:7095/swagger/v1/swagger.json - - - 200 - application/json;charset=utf-8 51.0875ms
2022-07-01 15:28:15.241 <> [INF] Request starting HTTP/2 GET https://localhost:7095/WeatherForecast - -
2022-07-01 15:28:15.253 <> [INF] Executing endpoint 'DemoLogger.API.Controllers.WeatherForecastController.Get (DemoLogger.API)'
2022-07-01 15:28:15.260 <> [INF] Route matched with {action = "Get", controller = "WeatherForecast"}. Executing controller action with signature System.Collections.Generic.IEnumerable`1[DemoLogger.API.WeatherForecast] Get() on controller DemoLogger.API.Controllers.WeatherForecastController (DemoLogger.API).
2022-07-01 15:28:15.276 <> [INF] Summaries的值是：Freezing
2022-07-01 15:28:15.279 <> [INF] WeatherForecast的值是：{"Date":"2022-07-02T15:28:15.2774554+08:00","TemperatureC":-5,"TemperatureF":24,"Summary":"Warm","$type":"WeatherForecast"}
2022-07-01 15:28:15.296 <> [INF] Executing ObjectResult, writing value of type 'DemoLogger.API.WeatherForecast[]'.
2022-07-01 15:28:15.304 <> [INF] Executed action DemoLogger.API.Controllers.WeatherForecastController.Get (DemoLogger.API) in 33.2874ms
2022-07-01 15:28:15.307 <> [INF] Executed endpoint 'DemoLogger.API.Controllers.WeatherForecastController.Get (DemoLogger.API)'
2022-07-01 15:28:15.308 <> [INF] Request finished HTTP/2 GET https://localhost:7095/WeatherForecast - - - 200 - application/json;+charset=utf-8 66.7406ms
2022-07-01 15:37:59.223 <> [INF] Now listening on: https://localhost:7095
2022-07-01 15:37:59.237 <> [INF] Now listening on: http://localhost:5095
2022-07-01 15:37:59.239 <> [INF] Application started. Press Ctrl+C to shut down.
2022-07-01 15:37:59.239 <> [INF] Hosting environment: Development
2022-07-01 15:37:59.240 <> [INF] Content root path: D:\StudySpace\logger\src\DemoLogger.API\
2022-07-01 15:37:59.773 <> [INF] Request starting HTTP/2 GET https://localhost:7095/swagger/index.html - -
2022-07-01 15:37:59.979 <> [INF] Request finished HTTP/2 GET https://localhost:7095/swagger/index.html - - - 200 - text/html;charset=utf-8 207.5638ms
2022-07-01 15:38:00.117 <> [INF] Request starting HTTP/2 GET https://localhost:7095/swagger/v1/swagger.json - -
2022-07-01 15:38:00.173 <> [INF] Request finished HTTP/2 GET https://localhost:7095/swagger/v1/swagger.json - - - 200 - application/json;charset=utf-8 56.5688ms
2022-07-01 15:38:03.435 <> [INF] Request starting HTTP/2 GET https://localhost:7095/WeatherForecast - -
2022-07-01 15:38:03.450 <> [INF] Executing endpoint 'DemoLogger.API.Controllers.WeatherForecastController.Get (DemoLogger.API)'
2022-07-01 15:38:03.457 <> [INF] Route matched with {action = "Get", controller = "WeatherForecast"}. Executing controller action with signature System.Collections.Generic.IEnumerable`1[DemoLogger.API.WeatherForecast] Get() on controller DemoLogger.API.Controllers.WeatherForecastController (DemoLogger.API).
2022-07-01 15:38:03.476 <> [INF] Summaries的值是：Freezing
2022-07-01 15:38:03.480 <> [INF] WeatherForecast的值是：{"Date":"2022-07-02T15:38:03.4779451+08:00","TemperatureC":40,"TemperatureF":103,"Summary":"Sweltering","$type":"WeatherForecast"}
2022-07-01 15:38:03.496 <> [INF] Executing ObjectResult, writing value of type 'DemoLogger.API.WeatherForecast[]'.
2022-07-01 15:38:03.504 <> [INF] Executed action DemoLogger.API.Controllers.WeatherForecastController.Get (DemoLogger.API) in 31.4079ms
2022-07-01 15:38:03.505 <> [INF] Executed endpoint 'DemoLogger.API.Controllers.WeatherForecastController.Get (DemoLogger.API)'
2022-07-01 15:38:03.509 <> [INF] Request finished HTTP/2 GET https://localhost:7095/WeatherForecast - - - 200 - application/json;+charset=utf-8 73.4858ms
2022-07-01 15:47:10.711 <> [INF] Now listening on: https://localhost:7095
2022-07-01 15:47:10.725 <> [INF] Now listening on: http://localhost:5095
2022-07-01 15:47:10.727 <> [INF] Application started. Press Ctrl+C to shut down.
2022-07-01 15:47:10.727 <> [INF] Hosting environment: Development
2022-07-01 15:47:10.728 <> [INF] Content root path: D:\StudySpace\logger\src\DemoLogger.API\
2022-07-01 15:47:11.319 <> [INF] Request starting HTTP/2 GET https://localhost:7095/swagger/index.html - -
2022-07-01 15:47:11.529 <> [INF] Request finished HTTP/2 GET https://localhost:7095/swagger/index.html - - - 200 - text/html;charset=utf-8 211.4981ms
2022-07-01 15:47:11.657 <> [INF] Request starting HTTP/2 GET https://localhost:7095/swagger/v1/swagger.json - -
2022-07-01 15:47:11.709 <> [INF] Request finished HTTP/2 GET https://localhost:7095/swagger/v1/swagger.json - - - 200 - application/json;charset=utf-8 51.6594ms
2022-07-01 15:47:14.308 <> [INF] Request starting HTTP/2 GET https://localhost:7095/WeatherForecast - -
2022-07-01 15:47:14.319 <> [INF] Executing endpoint 'DemoLogger.API.Controllers.WeatherForecastController.Get (DemoLogger.API)'
2022-07-01 15:47:14.325 <> [INF] Route matched with {action = "Get", controller = "WeatherForecast"}. Executing controller action with signature System.Collections.Generic.IEnumerable`1[DemoLogger.API.WeatherForecast] Get() on controller DemoLogger.API.Controllers.WeatherForecastController (DemoLogger.API).
2022-07-01 15:47:14.336 <> [INF] Summaries的值是：Freezing
2022-07-01 15:47:14.339 <> [INF] WeatherForecast的值是：{"Date":"2022-07-02T15:47:14.3375267+08:00","TemperatureC":-9,"TemperatureF":16,"Summary":"Chilly","$type":"WeatherForecast"}
2022-07-01 15:47:14.353 <> [INF] Executing ObjectResult, writing value of type 'DemoLogger.API.WeatherForecast[]'.
2022-07-01 15:47:14.360 <> [INF] Executed action DemoLogger.API.Controllers.WeatherForecastController.Get (DemoLogger.API) in 25.1419ms
2022-07-01 15:47:14.362 <> [INF] Executed endpoint 'DemoLogger.API.Controllers.WeatherForecastController.Get (DemoLogger.API)'
2022-07-01 15:47:14.363 <> [INF] Request finished HTTP/2 GET https://localhost:7095/WeatherForecast - - - 200 - application/json;+charset=utf-8 54.5992ms
2022-07-01 15:50:28.406 <> [INF] Now listening on: https://localhost:7095
2022-07-01 15:50:28.420 <> [INF] Now listening on: http://localhost:5095
2022-07-01 15:50:28.422 <> [INF] Application started. Press Ctrl+C to shut down.
2022-07-01 15:50:28.422 <> [INF] Hosting environment: Development
2022-07-01 15:50:28.423 <> [INF] Content root path: D:\StudySpace\logger\src\DemoLogger.API\
2022-07-01 15:50:29.017 <> [INF] Request starting HTTP/2 GET https://localhost:7095/swagger/index.html - -
2022-07-01 15:50:29.226 <> [INF] Request finished HTTP/2 GET https://localhost:7095/swagger/index.html - - - 200 - text/html;charset=utf-8 210.1449ms
2022-07-01 15:50:29.337 <> [INF] Request starting HTTP/2 GET https://localhost:7095/swagger/v1/swagger.json - -
2022-07-01 15:50:29.387 <> [INF] Request finished HTTP/2 GET https://localhost:7095/swagger/v1/swagger.json - - - 200 - application/json;charset=utf-8 49.8245ms
2022-07-01 15:50:31.706 <> [INF] Request starting HTTP/2 GET https://localhost:7095/WeatherForecast - -
2022-07-01 15:50:31.720 <> [INF] Executing endpoint 'DemoLogger.API.Controllers.WeatherForecastController.Get (DemoLogger.API)'
2022-07-01 15:50:31.726 <> [INF] Route matched with {action = "Get", controller = "WeatherForecast"}. Executing controller action with signature System.Collections.Generic.IEnumerable`1[DemoLogger.API.WeatherForecast] Get() on controller DemoLogger.API.Controllers.WeatherForecastController (DemoLogger.API).
2022-07-01 15:50:31.740 <> [INF] Summaries的值是：Freezing
2022-07-01 15:50:31.744 <> [INF] WeatherForecast的值是：{"Date":"2022-07-02T15:50:31.7421437+08:00","TemperatureC":-10,"TemperatureF":15,"Summary":"Scorching","$type":"WeatherForecast"}
2022-07-01 15:50:31.762 <> [INF] Executing ObjectResult, writing value of type 'DemoLogger.API.WeatherForecast[]'.
2022-07-01 15:50:31.772 <> [INF] Executed action DemoLogger.API.Controllers.WeatherForecastController.Get (DemoLogger.API) in 33.5633ms
2022-07-01 15:50:31.773 <> [INF] Executed endpoint 'DemoLogger.API.Controllers.WeatherForecastController.Get (DemoLogger.API)'
2022-07-01 15:50:31.774 <> [INF] Request finished HTTP/2 GET https://localhost:7095/WeatherForecast - - - 200 - application/json;+charset=utf-8 68.1398ms
2022-07-01 15:52:16.633 +08:00 [INF] Now listening on: https://localhost:7095
2022-07-01 15:52:16.647 +08:00 [INF] Now listening on: http://localhost:5095
2022-07-01 15:52:16.649 +08:00 [INF] Application started. Press Ctrl+C to shut down.
2022-07-01 15:52:16.650 +08:00 [INF] Hosting environment: Development
2022-07-01 15:52:16.651 +08:00 [INF] Content root path: D:\StudySpace\logger\src\DemoLogger.API\
2022-07-01 15:52:17.268 +08:00 [INF] Request starting HTTP/2 GET https://localhost:7095/swagger/index.html - -
2022-07-01 15:52:17.479 +08:00 [INF] Request finished HTTP/2 GET https://localhost:7095/swagger/index.html - - - 200 - text/html;charset=utf-8 212.4311ms
2022-07-01 15:52:17.624 +08:00 [INF] Request starting HTTP/2 GET https://localhost:7095/swagger/v1/swagger.json - -
2022-07-01 15:52:17.692 +08:00 [INF] Request finished HTTP/2 GET https://localhost:7095/swagger/v1/swagger.json - - - 200 - application/json;charset=utf-8 67.4994ms
2022-07-01 15:52:19.558 +08:00 [INF] Request starting HTTP/2 GET https://localhost:7095/WeatherForecast - -
2022-07-01 15:52:19.572 +08:00 [INF] Executing endpoint 'DemoLogger.API.Controllers.WeatherForecastController.Get (DemoLogger.API)'
2022-07-01 15:52:19.579 +08:00 [INF] Route matched with {action = "Get", controller = "WeatherForecast"}. Executing controller action with signature System.Collections.Generic.IEnumerable`1[DemoLogger.API.WeatherForecast] Get() on controller DemoLogger.API.Controllers.WeatherForecastController (DemoLogger.API).
2022-07-01 15:52:19.594 +08:00 [INF] Summaries的值是：Freezing
2022-07-01 15:52:19.598 +08:00 [INF] WeatherForecast的值是：{"Date":"2022-07-02T15:52:19.5961849+08:00","TemperatureC":-18,"TemperatureF":0,"Summary":"Chilly","$type":"WeatherForecast"}
2022-07-01 15:52:19.614 +08:00 [INF] Executing ObjectResult, writing value of type 'DemoLogger.API.WeatherForecast[]'.
2022-07-01 15:52:19.624 +08:00 [INF] Executed action DemoLogger.API.Controllers.WeatherForecastController.Get (DemoLogger.API) in 31.4568ms
2022-07-01 15:52:19.626 +08:00 [INF] Executed endpoint 'DemoLogger.API.Controllers.WeatherForecastController.Get (DemoLogger.API)'
2022-07-01 15:52:19.627 +08:00 [INF] Request finished HTTP/2 GET https://localhost:7095/WeatherForecast - - - 200 - application/json;+charset=utf-8 69.0286ms
2022-07-01 15:53:20.213 +08:00 [INF] Now listening on: https://localhost:7095
2022-07-01 15:53:20.228 +08:00 [INF] Now listening on: http://localhost:5095
2022-07-01 15:53:20.230 +08:00 [INF] Application started. Press Ctrl+C to shut down.
2022-07-01 15:53:20.230 +08:00 [INF] Hosting environment: Development
2022-07-01 15:53:20.233 +08:00 [INF] Content root path: D:\StudySpace\logger\src\DemoLogger.API\
2022-07-01 15:53:20.793 +08:00 [INF] Request starting HTTP/2 GET https://localhost:7095/swagger/index.html - -
2022-07-01 15:53:20.997 +08:00 [INF] Request finished HTTP/2 GET https://localhost:7095/swagger/index.html - - - 200 - text/html;charset=utf-8 205.7916ms
2022-07-01 15:53:21.122 +08:00 [INF] Request starting HTTP/2 GET https://localhost:7095/swagger/v1/swagger.json - -
2022-07-01 15:53:21.172 +08:00 [INF] Request finished HTTP/2 GET https://localhost:7095/swagger/v1/swagger.json - - - 200 - application/json;charset=utf-8 49.9583ms
2022-07-01 15:53:23.812 +08:00 [INF] Request starting HTTP/2 GET https://localhost:7095/WeatherForecast - -
2022-07-01 15:53:23.824 +08:00 [INF] Executing endpoint 'DemoLogger.API.Controllers.WeatherForecastController.Get (DemoLogger.API)'
2022-07-01 15:53:23.830 +08:00 [INF] Route matched with {action = "Get", controller = "WeatherForecast"}. Executing controller action with signature System.Collections.Generic.IEnumerable`1[DemoLogger.API.WeatherForecast] Get() on controller DemoLogger.API.Controllers.WeatherForecastController (DemoLogger.API).
2022-07-01 15:53:23.847 +08:00 [INF] Summaries的值是：Freezing
2022-07-01 15:53:23.851 +08:00 [INF] WeatherForecast的值是：{"Date":"2022-07-02T15:53:23.8488252+08:00","TemperatureC":2,"TemperatureF":35,"Summary":"Bracing","$type":"WeatherForecast"}
2022-07-01 15:53:23.867 +08:00 [INF] Executing ObjectResult, writing value of type 'DemoLogger.API.WeatherForecast[]'.
2022-07-01 15:53:23.874 +08:00 [INF] Executed action DemoLogger.API.Controllers.WeatherForecastController.Get (DemoLogger.API) in 31.5223ms
2022-07-01 15:53:23.876 +08:00 [INF] Executed endpoint 'DemoLogger.API.Controllers.WeatherForecastController.Get (DemoLogger.API)'
2022-07-01 15:53:23.877 +08:00 [INF] Request finished HTTP/2 GET https://localhost:7095/WeatherForecast - - - 200 - application/json;+charset=utf-8 65.9862ms
2022-07-01 16:12:08.595 <> [INF] Now listening on: https://localhost:7095
2022-07-01 16:12:08.608 <> [INF] Now listening on: http://localhost:5095
2022-07-01 16:12:08.610 <> [INF] Application started. Press Ctrl+C to shut down.
2022-07-01 16:12:08.611 <> [INF] Hosting environment: Development
2022-07-01 16:12:08.611 <> [INF] Content root path: D:\StudySpace\logger\src\DemoLogger.API\
2022-07-01 16:12:08.867 <> [INF] Request starting HTTP/2 GET https://localhost:7095/swagger/index.html - -
2022-07-01 16:12:09.075 <> [INF] Request finished HTTP/2 GET https://localhost:7095/swagger/index.html - - - 200 - text/html;charset=utf-8 209.6011ms
2022-07-01 16:12:09.209 <> [INF] Request starting HTTP/2 GET https://localhost:7095/swagger/v1/swagger.json - -
2022-07-01 16:12:09.260 <> [INF] Request finished HTTP/2 GET https://localhost:7095/swagger/v1/swagger.json - - - 200 - application/json;charset=utf-8 51.1159ms
2022-07-01 16:12:12.247 <> [INF] Request starting HTTP/2 GET https://localhost:7095/WeatherForecast - -
2022-07-01 16:12:12.259 <> [INF] Executing endpoint 'DemoLogger.API.Controllers.WeatherForecastController.Get (DemoLogger.API)'
2022-07-01 16:12:12.266 <> [INF] Route matched with {action = "Get", controller = "WeatherForecast"}. Executing controller action with signature System.Collections.Generic.IEnumerable`1[DemoLogger.API.WeatherForecast] Get() on controller DemoLogger.API.Controllers.WeatherForecastController (DemoLogger.API).
2022-07-01 16:12:12.282 <> [INF] Summaries的值是：Freezing
2022-07-01 16:12:12.285 <> [INF] WeatherForecast的值是：{"Date":"2022-07-02T16:12:12.2834284+08:00","TemperatureC":1,"TemperatureF":33,"Summary":"Chilly","$type":"WeatherForecast"}
2022-07-01 16:12:12.306 <> [INF] Executing ObjectResult, writing value of type 'DemoLogger.API.WeatherForecast[]'.
2022-07-01 16:12:12.313 <> [INF] Executed action DemoLogger.API.Controllers.WeatherForecastController.Get (DemoLogger.API) in 33.0926ms
2022-07-01 16:12:12.314 <> [INF] Executed endpoint 'DemoLogger.API.Controllers.WeatherForecastController.Get (DemoLogger.API)'
2022-07-01 16:12:12.316 <> [INF] Request finished HTTP/2 GET https://localhost:7095/WeatherForecast - - - 200 - application/json;+charset=utf-8 68.3081ms
2022-07-01 16:33:15.729 <> [INF] Now listening on: https://localhost:7095
2022-07-01 16:33:15.744 <> [INF] Now listening on: http://localhost:5095
2022-07-01 16:33:15.746 <> [INF] Application started. Press Ctrl+C to shut down.
2022-07-01 16:33:15.746 <> [INF] Hosting environment: Development
2022-07-01 16:33:15.747 <> [INF] Content root path: D:\StudySpace\logger\src\DemoLogger.API\
2022-07-01 16:33:15.988 <> [INF] Request starting HTTP/2 GET https://localhost:7095/swagger/index.html - -
2022-07-01 16:33:16.198 <> [INF] Request finished HTTP/2 GET https://localhost:7095/swagger/index.html - - - 200 - text/html;charset=utf-8 211.6625ms
2022-07-01 16:33:16.337 <> [INF] Request starting HTTP/2 GET https://localhost:7095/swagger/v1/swagger.json - -
2022-07-01 16:33:16.401 <> [INF] Request finished HTTP/2 GET https://localhost:7095/swagger/v1/swagger.json - - - 200 - application/json;charset=utf-8 64.2586ms
2022-07-01 16:33:18.910 <> [INF] Request starting HTTP/2 GET https://localhost:7095/WeatherForecast - -
2022-07-01 16:33:18.923 <> [INF] Executing endpoint 'DemoLogger.API.Controllers.WeatherForecastController.Get (DemoLogger.API)'
2022-07-01 16:33:18.929 <> [INF] Route matched with {action = "Get", controller = "WeatherForecast"}. Executing controller action with signature System.Collections.Generic.IEnumerable`1[DemoLogger.API.WeatherForecast] Get() on controller DemoLogger.API.Controllers.WeatherForecastController (DemoLogger.API).
2022-07-01 16:33:18.943 <> [INF] Summaries的值是：Freezing
2022-07-01 16:33:18.946 <> [INF] WeatherForecast的值是：{"Date":"2022-07-02T16:33:18.9448414+08:00","TemperatureC":-15,"TemperatureF":6,"Summary":"Chilly","$type":"WeatherForecast"}
2022-07-01 16:33:18.966 <> [INF] Executing ObjectResult, writing value of type 'DemoLogger.API.WeatherForecast[]'.
2022-07-01 16:33:18.973 <> [INF] Executed action DemoLogger.API.Controllers.WeatherForecastController.Get (DemoLogger.API) in 31.9965ms
2022-07-01 16:33:18.975 <> [INF] Executed endpoint 'DemoLogger.API.Controllers.WeatherForecastController.Get (DemoLogger.API)'
2022-07-01 16:33:18.976 <> [INF] Request finished HTTP/2 GET https://localhost:7095/WeatherForecast - - - 200 - application/json;+charset=utf-8 65.7805ms
2022-07-01 16:36:45.390 <> [INF] Now listening on: https://localhost:7095
2022-07-01 16:36:45.405 <> [INF] Now listening on: http://localhost:5095
2022-07-01 16:36:45.407 <> [INF] Application started. Press Ctrl+C to shut down.
2022-07-01 16:36:45.408 <> [INF] Hosting environment: Development
2022-07-01 16:36:45.409 <> [INF] Content root path: D:\StudySpace\logger\src\DemoLogger.API\
2022-07-01 16:36:46.068 <> [INF] Request starting HTTP/2 GET https://localhost:7095/swagger/index.html - -
2022-07-01 16:36:46.290 <> [INF] Request finished HTTP/2 GET https://localhost:7095/swagger/index.html - - - 200 - text/html;charset=utf-8 223.3129ms
2022-07-01 16:36:46.434 <> [INF] Request starting HTTP/2 GET https://localhost:7095/swagger/v1/swagger.json - -
2022-07-01 16:36:46.486 <> [INF] Request finished HTTP/2 GET https://localhost:7095/swagger/v1/swagger.json - - - 200 - application/json;charset=utf-8 52.0041ms
2022-07-01 16:36:50.276 <> [INF] Request starting HTTP/2 GET https://localhost:7095/WeatherForecast - -
2022-07-01 16:36:50.290 <> [INF] Executing endpoint 'DemoLogger.API.Controllers.WeatherForecastController.Get (DemoLogger.API)'
2022-07-01 16:36:50.296 <> [INF] Route matched with {action = "Get", controller = "WeatherForecast"}. Executing controller action with signature System.Collections.Generic.IEnumerable`1[DemoLogger.API.WeatherForecast] Get() on controller DemoLogger.API.Controllers.WeatherForecastController (DemoLogger.API).
2022-07-01 16:36:50.313 <> [INF] Summaries的值是：Freezing
2022-07-01 16:36:50.316 <> [INF] WeatherForecast的值是：{"Date":"2022-07-02T16:36:50.3145956+08:00","TemperatureC":43,"TemperatureF":109,"Summary":"Warm","$type":"WeatherForecast"}
2022-07-01 16:36:50.336 <> [INF] Executing ObjectResult, writing value of type 'DemoLogger.API.WeatherForecast[]'.
2022-07-01 16:36:50.343 <> [INF] Executed action DemoLogger.API.Controllers.WeatherForecastController.Get (DemoLogger.API) in 32.8873ms
2022-07-01 16:36:50.344 <> [INF] Executed endpoint 'DemoLogger.API.Controllers.WeatherForecastController.Get (DemoLogger.API)'
2022-07-01 16:36:50.345 <> [INF] Request finished HTTP/2 GET https://localhost:7095/WeatherForecast - - - 200 - application/json;+charset=utf-8 69.1148ms
2022-07-01 16:47:55.155 <> [INF] Now listening on: https://localhost:7095
2022-07-01 16:47:55.176 <> [INF] Now listening on: http://localhost:5095
2022-07-01 16:47:55.183 <> [INF] Application started. Press Ctrl+C to shut down.
2022-07-01 16:47:55.185 <> [INF] Hosting environment: Development
2022-07-01 16:47:55.186 <> [INF] Content root path: D:\StudySpace\logger\src\DemoLogger.API\
2022-07-01 16:47:55.351 <> [INF] Request starting HTTP/2 GET https://localhost:7095/swagger/index.html - -
2022-07-01 16:47:55.568 <> [INF] Request finished HTTP/2 GET https://localhost:7095/swagger/index.html - - - 200 - text/html;charset=utf-8 218.6343ms
2022-07-01 16:47:55.717 <> [INF] Request starting HTTP/2 GET https://localhost:7095/swagger/v1/swagger.json - -
2022-07-01 16:47:55.776 <> [INF] Request finished HTTP/2 GET https://localhost:7095/swagger/v1/swagger.json - - - 200 - application/json;charset=utf-8 59.1724ms
2022-07-01 16:48:39.427 <> [INF] Request starting HTTP/2 GET https://localhost:7095/WeatherForecast - -
2022-07-01 16:48:39.440 <> [INF] Executing endpoint 'DemoLogger.API.Controllers.WeatherForecastController.Get (DemoLogger.API)'
2022-07-01 16:48:39.446 <> [INF] Route matched with {action = "Get", controller = "WeatherForecast"}. Executing controller action with signature System.Collections.Generic.IEnumerable`1[DemoLogger.API.WeatherForecast] Get() on controller DemoLogger.API.Controllers.WeatherForecastController (DemoLogger.API).
2022-07-01 16:48:39.461 <> [INF] Summaries的值是：Freezing
2022-07-01 16:48:39.464 <> [INF] WeatherForecast的值是：{"Date":"2022-07-02T16:48:39.4626599+08:00","TemperatureC":28,"TemperatureF":82,"Summary":"Hot","$type":"WeatherForecast"}
2022-07-01 16:48:39.480 <> [INF] Executing ObjectResult, writing value of type 'DemoLogger.API.WeatherForecast[]'.
2022-07-01 16:48:39.488 <> [INF] Executed action DemoLogger.API.Controllers.WeatherForecastController.Get (DemoLogger.API) in 28.1527ms
2022-07-01 16:48:39.489 <> [INF] Executed endpoint 'DemoLogger.API.Controllers.WeatherForecastController.Get (DemoLogger.API)'
2022-07-01 16:48:39.491 <> [INF] Request finished HTTP/2 GET https://localhost:7095/WeatherForecast - - - 200 - application/json;+charset=utf-8 63.9202ms
2022-07-01 16:50:57.582 <> [INF] Now listening on: https://localhost:7095
2022-07-01 16:50:57.596 <> [INF] Now listening on: http://localhost:5095
2022-07-01 16:50:57.599 <> [INF] Application started. Press Ctrl+C to shut down.
2022-07-01 16:50:57.600 <> [INF] Hosting environment: Development
2022-07-01 16:50:57.601 <> [INF] Content root path: D:\StudySpace\logger\src\DemoLogger.API\
2022-07-01 16:50:58.254 <> [INF] Request starting HTTP/2 GET https://localhost:7095/swagger/index.html - -
2022-07-01 16:50:58.466 <> [INF] Request finished HTTP/2 GET https://localhost:7095/swagger/index.html - - - 200 - text/html;charset=utf-8 212.5813ms
2022-07-01 16:50:58.602 <> [INF] Request starting HTTP/2 GET https://localhost:7095/swagger/v1/swagger.json - -
2022-07-01 16:50:58.661 <> [INF] Request finished HTTP/2 GET https://localhost:7095/swagger/v1/swagger.json - - - 200 - application/json;charset=utf-8 58.3164ms
2022-07-01 17:15:42.733 <> [INF] Now listening on: https://localhost:7095
2022-07-01 17:15:42.747 <> [INF] Now listening on: http://localhost:5095
2022-07-01 17:15:42.749 <> [INF] Application started. Press Ctrl+C to shut down.
2022-07-01 17:15:42.750 <> [INF] Hosting environment: Development
2022-07-01 17:15:42.751 <> [INF] Content root path: D:\StudySpace\logger\src\DemoLogger.API\
2022-07-01 17:15:42.977 <> [INF] Request starting HTTP/2 GET https://localhost:7095/swagger/index.html - -
2022-07-01 17:15:43.188 <> [INF] Request finished HTTP/2 GET https://localhost:7095/swagger/index.html - - - 200 - text/html;charset=utf-8 212.0892ms
2022-07-01 17:15:43.329 <> [INF] Request starting HTTP/2 GET https://localhost:7095/swagger/v1/swagger.json - -
2022-07-01 17:15:43.378 <> [INF] Request finished HTTP/2 GET https://localhost:7095/swagger/v1/swagger.json - - - 200 - application/json;charset=utf-8 49.7960ms
2022-07-01 17:15:47.961 <> [INF] Request starting HTTP/2 GET https://localhost:7095/WeatherForecast - -
2022-07-01 17:15:47.972 <> [INF] Executing endpoint 'DemoLogger.API.Controllers.WeatherForecastController.Get (DemoLogger.API)'
2022-07-01 17:15:47.979 <> [INF] Route matched with {action = "Get", controller = "WeatherForecast"}. Executing controller action with signature System.Collections.Generic.IEnumerable`1[DemoLogger.API.WeatherForecast] Get() on controller DemoLogger.API.Controllers.WeatherForecastController (DemoLogger.API).
2022-07-01 17:15:47.997 <> [INF] Summaries的值是：Freezing
2022-07-01 17:15:48.001 <> [INF] WeatherForecast的值是：{"Date":"2022-07-02T17:15:47.9993424+08:00","TemperatureC":-15,"TemperatureF":6,"Summary":"Chilly","$type":"WeatherForecast"}
2022-07-01 17:15:48.018 <> [INF] Executing ObjectResult, writing value of type 'DemoLogger.API.WeatherForecast[]'.
2022-07-01 17:15:48.026 <> [INF] Executed action DemoLogger.API.Controllers.WeatherForecastController.Get (DemoLogger.API) in 31.3062ms
2022-07-01 17:15:48.028 <> [INF] Executed endpoint 'DemoLogger.API.Controllers.WeatherForecastController.Get (DemoLogger.API)'
2022-07-01 17:15:48.029 <> [INF] Request finished HTTP/2 GET https://localhost:7095/WeatherForecast - - - 200 - application/json;+charset=utf-8 68.4950ms
2022-07-01 17:26:55.679 <> [INF] Now listening on: https://localhost:7095
2022-07-01 17:26:55.692 <> [INF] Now listening on: http://localhost:5095
2022-07-01 17:26:55.694 <> [INF] Application started. Press Ctrl+C to shut down.
2022-07-01 17:26:55.695 <> [INF] Hosting environment: Development
2022-07-01 17:26:55.696 <> [INF] Content root path: D:\StudySpace\logger\src\DemoLogger.API\
2022-07-01 17:26:55.978 <> [INF] Request starting HTTP/2 GET https://localhost:7095/swagger/index.html - -
2022-07-01 17:26:56.224 <> [INF] Request finished HTTP/2 GET https://localhost:7095/swagger/index.html - - - 200 - text/html;charset=utf-8 247.3067ms
2022-07-01 17:26:56.382 <> [INF] Request starting HTTP/2 GET https://localhost:7095/swagger/v1/swagger.json - -
2022-07-01 17:26:56.443 <> [INF] Request finished HTTP/2 GET https://localhost:7095/swagger/v1/swagger.json - - - 200 - application/json;charset=utf-8 60.4702ms
2022-07-01 17:26:58.581 <> [INF] Request starting HTTP/2 GET https://localhost:7095/WeatherForecast - -
2022-07-01 17:26:58.591 <> [INF] Executing endpoint 'DemoLogger.API.Controllers.WeatherForecastController.Get (DemoLogger.API)'
2022-07-01 17:26:58.598 <> [INF] Route matched with {action = "Get", controller = "WeatherForecast"}. Executing controller action with signature System.Collections.Generic.IEnumerable`1[DemoLogger.API.WeatherForecast] Get() on controller DemoLogger.API.Controllers.WeatherForecastController (DemoLogger.API).
2022-07-01 17:26:58.615 <> [INF] Summaries的值是：Freezing
2022-07-01 17:26:58.618 <> [INF] WeatherForecast的值是：{"Date":"2022-07-02T17:26:58.6162722+08:00","TemperatureC":38,"TemperatureF":100,"Summary":"Sweltering","$type":"WeatherForecast"}
2022-07-01 17:26:58.632 <> [INF] Executing ObjectResult, writing value of type 'DemoLogger.API.WeatherForecast[]'.
2022-07-01 17:26:58.639 <> [INF] Executed action DemoLogger.API.Controllers.WeatherForecastController.Get (DemoLogger.API) in 26.2387ms
2022-07-01 17:26:58.640 <> [INF] Executed endpoint 'DemoLogger.API.Controllers.WeatherForecastController.Get (DemoLogger.API)'
2022-07-01 17:26:58.642 <> [INF] Request finished HTTP/2 GET https://localhost:7095/WeatherForecast - - - 200 - application/json;+charset=utf-8 61.1769ms
