2022-07-23 13:28:16.427 <> [INF] Now listening on: https://localhost:7095
2022-07-23 13:28:16.444 <> [INF] Now listening on: http://localhost:5095
2022-07-23 13:28:16.446 <> [INF] Application started. Press Ctrl+C to shut down.
2022-07-23 13:28:16.447 <> [INF] Hosting environment: Development
2022-07-23 13:28:16.455 <> [INF] Content root path: D:\StudySpace\logger\src\DemoLogger.API\
2022-07-23 13:28:17.204 <> [INF] Request starting HTTP/2 GET https://localhost:7095/swagger - -
2022-07-23 13:28:17.390 <> [INF] Request finished HTTP/2 GET https://localhost:7095/swagger - - - 301 0 - 187.2408ms
2022-07-23 13:28:17.392 <> [INF] Request starting HTTP/2 GET https://localhost:7095/swagger/index.html - -
2022-07-23 13:28:17.446 <> [INF] Request finished HTTP/2 GET https://localhost:7095/swagger/index.html - - - 200 - text/html;charset=utf-8 53.7345ms
2022-07-23 13:28:17.461 <> [INF] Request starting HTTP/2 GET https://localhost:7095/swagger/swagger-ui-standalone-preset.js - -
2022-07-23 13:28:17.461 <> [INF] Request starting HTTP/2 GET https://localhost:7095/swagger/swagger-ui.css - -
2022-07-23 13:28:17.461 <> [INF] Request starting HTTP/2 GET https://localhost:7095/swagger/swagger-ui-bundle.js - -
2022-07-23 13:28:17.495 <> [INF] Sending file. Request path: '/swagger-ui.css'. Physical path: 'N/A'
2022-07-23 13:28:17.502 <> [INF] Request finished HTTP/2 GET https://localhost:7095/swagger/swagger-ui.css - - - 200 143632 text/css 40.5168ms
2022-07-23 13:28:17.536 <> [INF] Sending file. Request path: '/swagger-ui-standalone-preset.js'. Physical path: 'N/A'
2022-07-23 13:28:17.546 <> [INF] Request finished HTTP/2 GET https://localhost:7095/swagger/swagger-ui-standalone-preset.js - - - 200 337162 application/javascript 85.1827ms
2022-07-23 13:28:17.556 <> [INF] Sending file. Request path: '/swagger-ui-bundle.js'. Physical path: 'N/A'
2022-07-23 13:28:17.558 <> [INF] Request finished HTTP/2 GET https://localhost:7095/swagger/swagger-ui-bundle.js - - - 200 1092889 application/javascript 96.7507ms
2022-07-23 13:28:17.665 <> [INF] Request starting HTTP/2 GET https://localhost:7095/swagger/v1/swagger.json - -
2022-07-23 13:28:17.685 <> [INF] Request starting HTTP/2 GET https://localhost:7095/swagger/favicon-32x32.png - -
2022-07-23 13:28:17.696 <> [INF] Sending file. Request path: '/favicon-32x32.png'. Physical path: 'N/A'
2022-07-23 13:28:17.698 <> [INF] Request finished HTTP/2 GET https://localhost:7095/swagger/favicon-32x32.png - - - 200 628 image/png 13.4789ms
2022-07-23 13:28:17.728 <> [INF] Request finished HTTP/2 GET https://localhost:7095/swagger/v1/swagger.json - - - 200 - application/json;charset=utf-8 63.4947ms
