2022-08-02 12:05:21.676 <> [INF] Starting default Dispatcher
2022-08-02 12:05:21.697 <> [INF] Starting the processing server.
2022-08-02 12:05:21.736 <> [INF] ### CAP started!
2022-08-02 12:05:21.844 <> [INF] Now listening on: https://localhost:7095
2022-08-02 12:05:21.846 <> [INF] Now listening on: http://localhost:5095
2022-08-02 12:05:21.847 <> [INF] Application started. Press Ctrl+C to shut down.
2022-08-02 12:05:21.848 <> [INF] Hosting environment: Development
2022-08-02 12:05:21.849 <> [INF] Content root path: D:\StudySpace\logger\src\DemoLogger.API\
2022-08-02 12:05:22.298 <> [INF] Request starting HTTP/2 GET https://localhost:7095/swagger/index.html - -
2022-08-02 12:05:22.366 <> [INF] Request finished HTTP/2 GET https://localhost:7095/swagger/index.html - - - 200 - text/html;charset=utf-8 69.0090ms
2022-08-02 12:05:22.452 <> [INF] Request starting HTTP/2 GET https://localhost:7095/swagger/v1/swagger.json - -
2022-08-02 12:05:22.509 <> [INF] Request finished HTTP/2 GET https://localhost:7095/swagger/v1/swagger.json - - - 200 - application/json;charset=utf-8 57.3148ms
2022-08-02 12:05:47.711 <> [INF] Starting default Dispatcher
2022-08-02 12:05:47.737 <> [INF] Starting the processing server.
2022-08-02 12:05:47.775 <> [INF] ### CAP started!
2022-08-02 12:05:47.878 <> [INF] Now listening on: https://localhost:7095
2022-08-02 12:05:47.880 <> [INF] Now listening on: http://localhost:5095
2022-08-02 12:05:47.882 <> [INF] Application started. Press Ctrl+C to shut down.
2022-08-02 12:05:47.883 <> [INF] Hosting environment: Development
2022-08-02 12:05:47.884 <> [INF] Content root path: D:\StudySpace\logger\src\DemoLogger.API\
2022-08-02 12:05:48.408 <> [INF] Request starting HTTP/2 GET https://localhost:7095/swagger/index.html - -
2022-08-02 12:05:48.470 <> [INF] Request finished HTTP/2 GET https://localhost:7095/swagger/index.html - - - 200 - text/html;charset=utf-8 63.5948ms
2022-08-02 12:05:48.544 <> [INF] Request starting HTTP/2 GET https://localhost:7095/swagger/v1/swagger.json - -
2022-08-02 12:05:48.595 <> [INF] Request finished HTTP/2 GET https://localhost:7095/swagger/v1/swagger.json - - - 200 - application/json;charset=utf-8 50.2211ms
2022-08-02 12:08:23.116 <> [FTL] Host terminated unexpectedly
System.InvalidOperationException: You must be config storage provider for CAP!
===================================================================================
========   eg: services.AddCap( options => { options.UseSqlServer(...) }); ========
===================================================================================
   at DotNetCore.CAP.Internal.Bootstrapper.CheckRequirement()
   at DotNetCore.CAP.Internal.Bootstrapper.BootstrapAsync()
   at DotNetCore.CAP.Internal.Bootstrapper.ExecuteAsync(CancellationToken stoppingToken)
   at Microsoft.Extensions.Hosting.Internal.Host.StartAsync(CancellationToken cancellationToken)
   at Microsoft.Extensions.Hosting.HostingAbstractionsHostExtensions.RunAsync(IHost host, CancellationToken token)
   at Microsoft.Extensions.Hosting.HostingAbstractionsHostExtensions.RunAsync(IHost host, CancellationToken token)
   at Microsoft.Extensions.Hosting.HostingAbstractionsHostExtensions.Run(IHost host)
   at Microsoft.AspNetCore.Builder.WebApplication.Run(String url)
   at Program.<Main>$(String[] args) in D:\StudySpace\logger\src\DemoLogger.API\Program.cs:line 41
2022-08-02 15:39:01.239 <> [INF] Starting default Dispatcher
2022-08-02 15:39:01.258 <> [INF] Starting the processing server.
2022-08-02 15:39:01.295 <> [INF] ### CAP started!
2022-08-02 15:39:01.392 <> [INF] Now listening on: https://localhost:7095
2022-08-02 15:39:01.393 <> [INF] Now listening on: http://localhost:5095
2022-08-02 15:39:01.394 <> [INF] Application started. Press Ctrl+C to shut down.
2022-08-02 15:39:01.395 <> [INF] Hosting environment: Development
2022-08-02 15:39:01.396 <> [INF] Content root path: D:\StudySpace\logger\src\DemoLogger.API\
2022-08-02 15:39:01.931 <> [INF] Request starting HTTP/2 GET https://localhost:7095/swagger/index.html - -
2022-08-02 15:39:02.000 <> [INF] Request finished HTTP/2 GET https://localhost:7095/swagger/index.html - - - 200 - text/html;charset=utf-8 69.8225ms
2022-08-02 15:39:02.075 <> [INF] Request starting HTTP/2 GET https://localhost:7095/swagger/v1/swagger.json - -
2022-08-02 15:39:02.128 <> [INF] Request finished HTTP/2 GET https://localhost:7095/swagger/v1/swagger.json - - - 200 - application/json;charset=utf-8 52.9617ms
