2022-07-04 11:22:35.901 <> [INF] Now listening on: https://localhost:7095
2022-07-04 11:22:35.916 <> [INF] Now listening on: http://localhost:5095
2022-07-04 11:22:35.917 <> [INF] Application started. Press Ctrl+C to shut down.
2022-07-04 11:22:35.918 <> [INF] Hosting environment: Development
2022-07-04 11:22:35.918 <> [INF] Content root path: D:\StudySpace\logger\src\DemoLogger.API\
2022-07-04 11:22:36.263 <> [INF] Request starting HTTP/2 GET https://localhost:7095/swagger - -
2022-07-04 11:22:36.457 <> [INF] Request finished HTTP/2 GET https://localhost:7095/swagger - - - 301 0 - 195.1417ms
2022-07-04 11:22:36.463 <> [INF] Request starting HTTP/2 GET https://localhost:7095/swagger/index.html - -
2022-07-04 11:22:36.511 <> [INF] Request finished HTTP/2 GET https://localhost:7095/swagger/index.html - - - 200 - text/html;charset=utf-8 50.0941ms
2022-07-04 11:22:36.549 <> [INF] Request starting HTTP/2 GET https://localhost:7095/swagger/swagger-ui-standalone-preset.js - -
2022-07-04 11:22:36.549 <> [INF] Request starting HTTP/2 GET https://localhost:7095/swagger/swagger-ui-bundle.js - -
2022-07-04 11:22:36.549 <> [INF] Request starting HTTP/2 GET https://localhost:7095/swagger/swagger-ui.css - -
2022-07-04 11:22:36.568 <> [INF] Sending file. Request path: '/swagger-ui.css'. Physical path: 'N/A'
2022-07-04 11:22:36.570 <> [INF] Request finished HTTP/2 GET https://localhost:7095/swagger/swagger-ui.css - - - 200 143632 text/css 21.0527ms
2022-07-04 11:22:36.572 <> [INF] Sending file. Request path: '/swagger-ui-standalone-preset.js'. Physical path: 'N/A'
2022-07-04 11:22:36.578 <> [INF] Request finished HTTP/2 GET https://localhost:7095/swagger/swagger-ui-standalone-preset.js - - - 200 337162 application/javascript 29.2962ms
2022-07-04 11:22:36.598 <> [INF] Sending file. Request path: '/swagger-ui-bundle.js'. Physical path: 'N/A'
2022-07-04 11:22:36.600 <> [INF] Request finished HTTP/2 GET https://localhost:7095/swagger/swagger-ui-bundle.js - - - 200 1092889 application/javascript 51.1206ms
2022-07-04 11:22:36.761 <> [INF] Request starting HTTP/2 GET https://localhost:7095/swagger/v1/swagger.json - -
2022-07-04 11:22:36.825 <> [INF] Request finished HTTP/2 GET https://localhost:7095/swagger/v1/swagger.json - - - 200 - application/json;charset=utf-8 64.0996ms
